<?xml version="1.0" encoding="UTF-8"?>
<!-- Generated by org.testng.reporters.JUnitReportReporter -->
<testsuite skipped="0" hostname="DESKTOP-RJJGDBB" name="git_demo.gittest" tests="1" failures="0" timestamp="08 Sep 2018 17:03:50 GMT" time="0.021" errors="0">
  <testcase name="f" time="0.021" classname="git_demo.gittest"/>
</testsuite> <!-- git_demo.gittest -->
